

*******************************************************************************
Thu Jan 29 16:51:16 2015


FIT:    data read from 'output_area.dat' using 1:2
        format = x:z
        #datapoints = 101
        residuals are weighted equally (unit weight)

function used for fitting: f(x)
fitted parameters initialized with current variable values



 Iteration 0
 WSSR        : 1.49192e+06       delta(WSSR)/WSSR   : 0
 delta(WSSR) : 0                 limit for stopping : 1e-05
 lambda	  : 40.392

initial set of free parameter values

a               = 1
b               = 1

After 6 iterations the fit converged.
final sum of squares of residuals : 8.81776e-12
rel. change during last iteration : -8.00543e-09

degrees of freedom    (FIT_NDF)                        : 99
rms of residuals      (FIT_STDFIT) = sqrt(WSSR/ndf)    : 2.98443e-07
variance of residuals (reduced chisquare) = WSSR/ndf   : 8.90683e-14

Final set of parameters            Asymptotic Standard Error
=======================            ==========================

a               = 3.14159          +/- 8.297e-10    (2.641e-08%)
b               = -1.73257e-08     +/- 4.737e-08    (273.4%)


correlation matrix of the fit parameters:

               a      b      
a               1.000 
b              -0.779  1.000 
