

*******************************************************************************
Sat Feb  7 22:10:21 2015


FIT:    data read from 'fort.10' u (log($1)):(log($3))
        format = x:z
        x range restricted to [-11.0000 : 0.00000]
        #datapoints = 12
        residuals are weighted equally (unit weight)

function used for fitting: f(x)
fitted parameters initialized with current variable values



 Iteration 0
 WSSR        : 1174.97           delta(WSSR)/WSSR   : 0
 delta(WSSR) : 0                 limit for stopping : 1e-05
 lambda	  : 5.15145

initial set of free parameter values

a               = 1
b               = 1

After 5 iterations the fit converged.
final sum of squares of residuals : 0.000190402
rel. change during last iteration : -2.12496e-12

degrees of freedom    (FIT_NDF)                        : 10
rms of residuals      (FIT_STDFIT) = sqrt(WSSR/ndf)    : 0.00436351
variance of residuals (reduced chisquare) = WSSR/ndf   : 1.90402e-05

Final set of parameters            Asymptotic Standard Error
=======================            ==========================

a               = 2.00083          +/- 0.0005264    (0.02631%)
b               = -1.78729         +/- 0.003799     (0.2126%)


correlation matrix of the fit parameters:

               a      b      
a               1.000 
b               0.943  1.000 


*******************************************************************************
Sat Feb  7 22:10:26 2015


FIT:    data read from 'fort.10' u (log($1)):(log($3))
        format = x:z
        x range restricted to [-12.0000 : 0.00000]
        #datapoints = 13
        residuals are weighted equally (unit weight)

function used for fitting: f(x)
fitted parameters initialized with current variable values



 Iteration 0
 WSSR        : 0.00999826        delta(WSSR)/WSSR   : 0
 delta(WSSR) : 0                 limit for stopping : 1e-05
 lambda	  : 5.42747

initial set of free parameter values

a               = 2.00083
b               = -1.78729

After 4 iterations the fit converged.
final sum of squares of residuals : 0.00730379
rel. change during last iteration : -1.3804e-08

degrees of freedom    (FIT_NDF)                        : 11
rms of residuals      (FIT_STDFIT) = sqrt(WSSR/ndf)    : 0.0257678
variance of residuals (reduced chisquare) = WSSR/ndf   : 0.000663981

Final set of parameters            Asymptotic Standard Error
=======================            ==========================

a               = 1.99612          +/- 0.002756     (0.138%)
b               = -1.81337         +/- 0.02097      (1.156%)


correlation matrix of the fit parameters:

               a      b      
a               1.000 
b               0.940  1.000 


*******************************************************************************
Sat Feb  7 22:11:34 2015


FIT:    data read from 'fort.10' u (log($1)):(log($3))
        format = x:z
        x range restricted to [-37.0000 : -13.0000]
        #datapoints = 30
        residuals are weighted equally (unit weight)

function used for fitting: g(x)
fitted parameters initialized with current variable values



 Iteration 0
 WSSR        : 11275.9           delta(WSSR)/WSSR   : 0
 delta(WSSR) : 0                 limit for stopping : 1e-05
 lambda	  : 19.3576

initial set of free parameter values

c               = 1
d               = 1

After 5 iterations the fit converged.
final sum of squares of residuals : 0.916855
rel. change during last iteration : -2.78742e-08

degrees of freedom    (FIT_NDF)                        : 28
rms of residuals      (FIT_STDFIT) = sqrt(WSSR/ndf)    : 0.180955
variance of residuals (reduced chisquare) = WSSR/ndf   : 0.0327448

Final set of parameters            Asymptotic Standard Error
=======================            ==========================

c               = -0.98226         +/- 0.005047     (0.5138%)
d               = -37.2516         +/- 0.1381       (0.3706%)


correlation matrix of the fit parameters:

               c      d      
c               1.000 
d               0.971  1.000 


*******************************************************************************
Sat Feb  7 22:19:28 2015


FIT:    data read from 'fort.10' u (log($1)):(log($3))
        format = x:z
        x range restricted to [-19.0000 : -9.00000]
        #datapoints = 15
        residuals are weighted equally (unit weight)

function used for fitting: g(x)
fitted parameters initialized with current variable values



 Iteration 0
 WSSR        : 1345.25           delta(WSSR)/WSSR   : 0
 delta(WSSR) : 0                 limit for stopping : 1e-05
 lambda	  : 10.2075

initial set of free parameter values

c               = 1
d               = 1

After 5 iterations the fit converged.
final sum of squares of residuals : 4.98912
rel. change during last iteration : -4.55147e-10

degrees of freedom    (FIT_NDF)                        : 13
rms of residuals      (FIT_STDFIT) = sqrt(WSSR/ndf)    : 0.619498
variance of residuals (reduced chisquare) = WSSR/ndf   : 0.383778

Final set of parameters            Asymptotic Standard Error
=======================            ==========================

c               = -1.92319         +/- 0.05341      (2.777%)
d               = -36.6105         +/- 0.7692       (2.101%)


correlation matrix of the fit parameters:

               c      d      
c               1.000 
d               0.978  1.000 


*******************************************************************************
Sat Feb  7 22:19:39 2015


FIT:    data read from 'fort.10' u (log($1)):(log($3))
        format = x:z
        x range restricted to [-9.00000 : 0.00000]
        #datapoints = 9
        residuals are weighted equally (unit weight)

function used for fitting: f(x)
fitted parameters initialized with current variable values



 Iteration 0
 WSSR        : 798.585           delta(WSSR)/WSSR   : 0
 delta(WSSR) : 0                 limit for stopping : 1e-05
 lambda	  : 4.32877

initial set of free parameter values

a               = 1
b               = 1

After 5 iterations the fit converged.
final sum of squares of residuals : 0.00202662
rel. change during last iteration : -5.07376e-13

degrees of freedom    (FIT_NDF)                        : 7
rms of residuals      (FIT_STDFIT) = sqrt(WSSR/ndf)    : 0.0170152
variance of residuals (reduced chisquare) = WSSR/ndf   : 0.000289517

Final set of parameters            Asymptotic Standard Error
=======================            ==========================

a               = 1.99759          +/- 0.003169     (0.1586%)
b               = -2.49459         +/- 0.01914      (0.7673%)


correlation matrix of the fit parameters:

               a      b      
a               1.000 
b               0.955  1.000 


*******************************************************************************
Wed Feb 11 14:41:41 2015


FIT:    data read from 'deriv_test_first_err.dat' u (log($1)):(log($3))
        format = x:z
        #datapoints = 54
        residuals are weighted equally (unit weight)

function used for fitting: f(x)


*******************************************************************************
Wed Feb 11 14:41:55 2015


FIT:    data read from 'deriv_test_first_err.dat' u (log($1)):(log($3))
        format = x:z
        #datapoints = 54
        residuals are weighted equally (unit weight)

function used for fitting: f(x)
fitted parameters initialized with current variable values



 Iteration 0
 WSSR        : 17559.3           delta(WSSR)/WSSR   : 0
 delta(WSSR) : 0                 limit for stopping : 1e-05
 lambda	  : 16.5076

initial set of free parameter values

a               = 1
b               = 1

After 4 iterations the fit converged.
final sum of squares of residuals : 1746.97
rel. change during last iteration : -6.94806e-07

degrees of freedom    (FIT_NDF)                        : 52
rms of residuals      (FIT_STDFIT) = sqrt(WSSR/ndf)    : 5.79618
variance of residuals (reduced chisquare) = WSSR/ndf   : 33.5957

Final set of parameters            Asymptotic Standard Error
=======================            ==========================

a               = -0.465406        +/- 0.07301      (15.69%)
b               = -22.7955         +/- 1.703        (7.47%)


correlation matrix of the fit parameters:

               a      b      
a               1.000 
b               0.886  1.000 


*******************************************************************************
Wed Feb 11 14:42:27 2015


FIT:    data read from 'deriv_test_first_err.dat' u (log($1)):(log($3))
        format = x:z
        #datapoints = 54
        residuals are weighted equally (unit weight)

function used for fitting: f(x)
fitted parameters initialized with current variable values



 Iteration 0
 WSSR        : 1746.97           delta(WSSR)/WSSR   : 0
 delta(WSSR) : 0                 limit for stopping : 1e-05
 lambda	  : 16.5076

initial set of free parameter values

a               = -0.465406
b               = -22.7955

The maximum lambda = 1.000000e+20 was exceeded. Fit stopped.
final sum of squares of residuals : 1746.97
rel. change during last iteration : 0

degrees of freedom    (FIT_NDF)                        : 52
rms of residuals      (FIT_STDFIT) = sqrt(WSSR/ndf)    : 5.79618
variance of residuals (reduced chisquare) = WSSR/ndf   : 33.5957

Final set of parameters            Asymptotic Standard Error
=======================            ==========================

a               = -0.465406        +/- 0.07301      (15.69%)
b               = -22.7955         +/- 1.703        (7.47%)


correlation matrix of the fit parameters:

               a      b      
a               1.000 
b               0.886  1.000 


*******************************************************************************
Wed Feb 11 14:42:30 2015


FIT:    data read from 'deriv_test_first_err.dat' u (log($1)):(log($2))
        format = x:z
        x range restricted to [-40.0000 : -18.0000]
        #datapoints = 31
        residuals are weighted equally (unit weight)

function used for fitting: f(x)
fitted parameters initialized with current variable values



 Iteration 0
 WSSR        : 320.961           delta(WSSR)/WSSR   : 0
 delta(WSSR) : 0                 limit for stopping : 1e-05
 lambda	  : 20.7342

initial set of free parameter values

a               = -0.465406
b               = -22.7955

After 5 iterations the fit converged.
final sum of squares of residuals : 6.93092
rel. change during last iteration : -1.81856e-09

degrees of freedom    (FIT_NDF)                        : 29
rms of residuals      (FIT_STDFIT) = sqrt(WSSR/ndf)    : 0.488874
variance of residuals (reduced chisquare) = WSSR/ndf   : 0.238997

Final set of parameters            Asymptotic Standard Error
=======================            ==========================

a               = -0.964516        +/- 0.01416      (1.468%)
b               = -36.3461         +/- 0.415        (1.142%)


correlation matrix of the fit parameters:

               a      b      
a               1.000 
b               0.977  1.000 


*******************************************************************************
Wed Feb 11 14:42:30 2015


FIT:    data read from 'deriv_test_first_err.dat' u 1:2
        format = x:z
        x range restricted to [-16.0000 : 0.00000]
BREAK:          No data to fit 



*******************************************************************************
Wed Feb 11 14:43:18 2015


FIT:    data read from 'deriv_test_first_err.dat' u (log($1)):(log($2))
        format = x:z
        x range restricted to [* : -18.0000]
        #datapoints = 31
        residuals are weighted equally (unit weight)

function used for fitting: f(x)
fitted parameters initialized with current variable values



 Iteration 0
 WSSR        : 6.93092           delta(WSSR)/WSSR   : 0
 delta(WSSR) : 0                 limit for stopping : 1e-05
 lambda	  : 20.7342

initial set of free parameter values

a               = -0.964516
b               = -36.3461

The maximum lambda = 1.000000e+20 was exceeded. Fit stopped.
final sum of squares of residuals : 6.93092
rel. change during last iteration : 0

degrees of freedom    (FIT_NDF)                        : 29
rms of residuals      (FIT_STDFIT) = sqrt(WSSR/ndf)    : 0.488874
variance of residuals (reduced chisquare) = WSSR/ndf   : 0.238997

Final set of parameters            Asymptotic Standard Error
=======================            ==========================

a               = -0.964516        +/- 0.01416      (1.468%)
b               = -36.3461         +/- 0.415        (1.142%)


correlation matrix of the fit parameters:

               a      b      
a               1.000 
b               0.977  1.000 


*******************************************************************************
Wed Feb 11 14:43:18 2015


FIT:    data read from 'deriv_test_first_err.dat' u 1:2
        format = x:z
        x range restricted to [-16.0000 : *]
        #datapoints = 54
        residuals are weighted equally (unit weight)

function used for fitting: g(x)
fitted parameters initialized with current variable values



 Iteration 0
 WSSR        : 48.9986           delta(WSSR)/WSSR   : 0
 delta(WSSR) : 0                 limit for stopping : 1e-05
 lambda	  : 0.707194

initial set of free parameter values

c               = 1
d               = 1

After 4 iterations the fit converged.
final sum of squares of residuals : 3.70644
rel. change during last iteration : -1.40564e-08

degrees of freedom    (FIT_NDF)                        : 52
rms of residuals      (FIT_STDFIT) = sqrt(WSSR/ndf)    : 0.266979
variance of residuals (reduced chisquare) = WSSR/ndf   : 0.0712777

Final set of parameters            Asymptotic Standard Error
=======================            ==========================

c               = -0.857731        +/- 2.379        (277.4%)
d               = 0.0914904        +/- 0.03738      (40.86%)


correlation matrix of the fit parameters:

               c      d      
c               1.000 
d              -0.236  1.000 


*******************************************************************************
Wed Feb 11 14:43:58 2015


FIT:    data read from 'deriv_test_first_err.dat' u (log($1)):(log($2))
        format = x:z
        x range restricted to [* : -18.0000]
        #datapoints = 31
        residuals are weighted equally (unit weight)

function used for fitting: f(x)
fitted parameters initialized with current variable values



 Iteration 0
 WSSR        : 6.93092           delta(WSSR)/WSSR   : 0
 delta(WSSR) : 0                 limit for stopping : 1e-05
 lambda	  : 20.7342

initial set of free parameter values

a               = -0.964516
b               = -36.3461

The maximum lambda = 1.000000e+20 was exceeded. Fit stopped.
final sum of squares of residuals : 6.93092
rel. change during last iteration : 0

degrees of freedom    (FIT_NDF)                        : 29
rms of residuals      (FIT_STDFIT) = sqrt(WSSR/ndf)    : 0.488874
variance of residuals (reduced chisquare) = WSSR/ndf   : 0.238997

Final set of parameters            Asymptotic Standard Error
=======================            ==========================

a               = -0.964516        +/- 0.01416      (1.468%)
b               = -36.3461         +/- 0.415        (1.142%)


correlation matrix of the fit parameters:

               a      b      
a               1.000 
b               0.977  1.000 


*******************************************************************************
Wed Feb 11 14:43:58 2015


FIT:    data read from 'deriv_test_first_err.dat' u (log($1)):(log($2))
        format = x:z
        x range restricted to [-16.0000 : *]
        #datapoints = 20
        residuals are weighted equally (unit weight)

function used for fitting: g(x)
fitted parameters initialized with current variable values



 Iteration 0
 WSSR        : 7084.36           delta(WSSR)/WSSR   : 0
 delta(WSSR) : 0                 limit for stopping : 1e-05
 lambda	  : 6.92685

initial set of free parameter values

c               = -0.857731
d               = 0.0914904

After 5 iterations the fit converged.
final sum of squares of residuals : 0.00077728
rel. change during last iteration : -6.08162e-14

degrees of freedom    (FIT_NDF)                        : 18
rms of residuals      (FIT_STDFIT) = sqrt(WSSR/ndf)    : 0.00657132
variance of residuals (reduced chisquare) = WSSR/ndf   : 4.31822e-05

Final set of parameters            Asymptotic Standard Error
=======================            ==========================

c               = 1.00127          +/- 0.0003676    (0.03672%)
d               = -0.678609        +/- 0.003583     (0.5279%)


correlation matrix of the fit parameters:

               c      d      
c               1.000 
d               0.912  1.000 
